Arguments: 
  /Users/tjohnston/.nvm/versions/node/v8.9.1/bin/node /Users/tjohnston/.nvm/versions/node/v8.9.1/bin/yarn install --mutex network:42424 --non-interactive

PATH: 
  /Users/tjohnston/source/react-ui/packages/react-ui-ag/node_modules/.bin:/Users/tjohnston/source/react-ui/packages/node_modules/.bin:/Users/tjohnston/source/react-ui/node_modules/.bin:/Users/tjohnston/source/node_modules/.bin:/Users/tjohnston/node_modules/.bin:/Users/node_modules/.bin:/node_modules/.bin:/Users/tjohnston/.nvm/versions/node/v8.9.1/bin:/Users/tjohnston/source/react-ui/node_modules/.bin:/Users/tjohnston/.config/yarn/link/node_modules/.bin:/Users/tjohnston/source/react-ui/node_modules/.bin:/Users/tjohnston/.config/yarn/link/node_modules/.bin:/Users/tjohnston/.nvm/versions/node/v8.9.1/lib/node_modules/npm/bin/node-gyp-bin:/Users/tjohnston/.nvm/versions/node/v8.9.1/bin/node_modules/npm/bin/node-gyp-bin:/Users/tjohnston/.nvm/versions/node/v8.9.1/bin:/Users/tjohnston/.avn/bin:/Users/tjohnston/.avn/bin:/Users/tjohnston/.gem/ruby/2.2.3/bin:/Users/tjohnston/.rubies/ruby-2.2.3/lib/ruby/gems/2.2.0/bin:/Users/tjohnston/.rubies/ruby-2.2.3/bin:./node_modules/.bin:.bundle/binstubs:/usr/local/sbin:/Users/tjohnston/.avn/bin:./node_modules/.bin:.bundle/binstubs:/usr/local/sbin:/Users/tjohnston/Android/platform-tools:/Users/tjohnston/Android/tools:/usr/local/bin:/usr/bin:/bin:/usr/sbin:/sbin:/usr/local/MacGPG2/bin:/Library/Frameworks/Mono.framework/Versions/Current/Commands:/usr/local/mysql/bin:/Users/tjohnston/source/idg/bin:~/ruby/bin:/usr/local/sbin:/usr/local/bin:/Users/tjohnston/source/idg/bin:/Users/tjohnston/source/idg/bin:/Users/tjohnston/.yarn/bin

Yarn version: 
  1.3.2

Node version: 
  8.9.1

Platform: 
  darwin x64

npm manifest: 
  {
  	"dependencies": {
  		"@rentpath/eslint-config-rentpath": "3.0.1",
  		"autobind-decorator": "2.1.0",
  		"babel-cli": "6.26.0",
  		"babel-core": "6.26.0",
  		"babel-eslint": "^8.2.2",
  		"babel-jest": "^22.4.3",
  		"babel-plugin-react-css-modules": "^3.3.3",
  		"babel-plugin-transform-class-properties": "6.24.1",
  		"babel-plugin-transform-decorators-legacy": "1.3.4",
  		"babel-plugin-transform-object-rest-spread": "6.26.0",
  		"babel-plugin-transform-runtime": "6.23.0",
  		"babel-preset-env": "1.6.1",
  		"babel-preset-react": "6.24.1",
  		"classnames": "2.2.5",
  		"enzyme": "3.3.0",
  		"enzyme-adapter-react-16": "1.1.1",
  		"eslint": "^4.19.1",
  		"jest": "^22.4.3",
  		"jest-css-modules": "1.1.0",
  		"prop-types": "^15.6.1",
  		"react-dom": "^16.3.0",
  		"react-lazyload": "2.3.0",
  		"react-test-renderer": "^16.3.0",
  		"react-themed": "3.2.1"
  	}
  }

yarn manifest: 
  No manifest

Lockfile: 
  No lockfile

Trace: 
  Error: connect ENFILE 104.16.60.173:443 - Local (undefined:undefined)
      at Object._errnoException (util.js:1024:11)
      at _exceptionWithHostPort (util.js:1046:20)
      at internalConnect (net.js:971:16)
      at emitLookup (net.js:1106:7)
      at /Users/tjohnston/.nvm/versions/node/v8.9.1/lib/node_modules/yarn/lib/cli.js:94209:28
      at /Users/tjohnston/.nvm/versions/node/v8.9.1/lib/node_modules/yarn/lib/cli.js:94118:13
      at RawTask.module.exports.RawTask.call (/Users/tjohnston/.nvm/versions/node/v8.9.1/lib/node_modules/yarn/lib/cli.js:78685:19)
      at flush (/Users/tjohnston/.nvm/versions/node/v8.9.1/lib/node_modules/yarn/lib/cli.js:78767:29)
      at _combinedTickCallback (internal/process/next_tick.js:131:7)
      at process._tickCallback (internal/process/next_tick.js:180:9)
